# A collection of packages for the digital musician.
OpenBLAS
a2jmidid
alsa-plugins-jack
amsynth
ardour
aubio
avldrums.lv2
calf
capnproto
cecilia5
cuetools
drumkit
drumstick
dssi
eq10q
helm
jack2
ladspa_sdk
lash
libconfig
libfishsound
libgig
liblo
liblrdf
liblscp
libmpdclient
lilv
linuxsampler
lsp-plugins
lv2
mac
mpc
musescore
mxml
ntk
portaudio
portmidi
pulseaudio-jack
python-numpy
python-pathlib2
python-pyo
qjackctl
qsampler
qsynth
rubberband
serd
shntool
sonic-visualiser
sord
sratom
suil
supercollider
vamp-aubio-plugins
vamp-plugin-sdk
vmpk
wxGTK3
wxpython
yaml-cpp
zynaddsubfx
zyn-fusion

