Cython
LibRaw
MPlayer
aspell
atkmm
# requires qt5 now:
#audacious
#audacious-plugins
blueman
cairomm
farstream
ffmpegthumbnailer
fltk
geeqie
#gftp
gimp
gkrellm
glibmm
#gnuchess
gparted
gtkmm3
gucharmap
gv
hexchat
imagemagick
jansson
libcue
#libnice
libnma
libsigc++
libzip
#lftp
mozilla-firefox
#mozilla-thunderbird
network-manager-applet
pangomm
pavucontrol
pidgin
polkit-gnome
rdesktop
rxvt
rxvt-unicode
sane
seamonkey-solibs
tigervnc
#vim
#vim-gvim
x11-ssh-askpass
#x3270
#xaos
#xfractint
xgames
#xlockmore
#xmms
#xpaint
# Now needs qt:
#xpdf
#xsane
