# A collection of packages for the digital musician.
OpenBLAS
a2jmidid
alsa-plugins-jack
amsynth
ardour
aubio
audacity
avldrums.lv2
cadence
calf
capnproto
carla
cecilia5
chromaprint
cuetools
drumstick
dssi
eq10q
faad2
guitarix
helm
hidapi
hydrogen
jack_capture
jack2
ladspa_sdk
lash
libconfig
libfishsound
libgig
liblo
liblrdf
liblscp
libmodplug
libmp4v2
libmpdclient
libsass
lilv
linuxsampler
lsp-plugins
lv2
mac
meterbridge
mixxx
mpc
musescore
mxml
non-daw
ntk
portaudio
portmidi
protobuf
pulseaudio-jack
python-numpy
python-pathlib2
python-pyliblo
python-pyo
qjackctl
qsampler
qsynth
qtkeychain
rubberband
sassc
sc3-plugins
serd
shntool
sonic-visualiser
sord
sratom
suil
supercollider
vamp-aubio-plugins
vamp-plugin-sdk
vmpk
wxGTK3
wxpython
yaml-cpp
zita-ajbridge
zita-alsa-pcmi
zita-resampler
#zynaddsubfx
zyn-fusion

